{
  "RSpec": {
    "coverage": {
      "/Users/sebastianabondano/dropbox/sebastian/studies/turing/3module/18week/rales_engine/spec/controllers/api/v1/customers_controller_spec.rb": [
        1,
        null,
        1,
        1,
        1,
        1,
        null,
        1,
        null,
        1,
        1,
        null,
        null,
        1,
        1,
        null,
        null,
        1,
        1,
        null,
        1,
        1,
        1,
        1,
        1,
        1,
        null,
        null,
        1,
        1,
        null,
        1,
        null,
        null,
        null,
        1,
        1,
        1,
        null,
        null,
        1,
        null,
        1,
        1,
        null,
        null,
        1,
        1,
        null,
        null,
        1,
        1,
        null,
        1,
        1,
        1,
        null,
        null,
        1,
        1,
        null,
        null,
        1,
        1,
        null,
        1,
        1,
        1,
        null,
        null,
        1,
        1,
        null,
        null,
        1,
        1,
        null,
        1,
        1,
        1,
        null,
        null,
        null
      ],
      "/Users/sebastianabondano/dropbox/sebastian/studies/turing/3module/18week/rales_engine/spec/rails_helper.rb": [
        null,
        1,
        1,
        null,
        1,
        1,
        1,
        null,
        null,
        null,
        null,
        null,
        null,
        null,
        null,
        null,
        null,
        null,
        null,
        null,
        null,
        null,
        null,
        null,
        null,
        null,
        1,
        null,
        1,
        null,
        1,
        null,
        null,
        null,
        null,
        1,
        null,
        null,
        null,
        null,
        null,
        null,
        null,
        null,
        null,
        null,
        null,
        null,
        null,
        null,
        1,
        null
      ],
      "/Users/sebastianabondano/dropbox/sebastian/studies/turing/3module/18week/rales_engine/config/environment.rb": [
        null,
        1,
        null,
        null,
        1
      ],
      "/Users/sebastianabondano/dropbox/sebastian/studies/turing/3module/18week/rales_engine/config/application.rb": [
        1,
        null,
        1,
        null,
        1,
        1,
        1,
        1,
        1,
        1,
        1,
        null,
        null,
        null,
        null,
        1,
        null,
        1,
        1,
        null,
        null,
        null,
        null,
        null,
        null,
        null,
        null,
        null,
        null,
        null,
        null,
        null,
        1,
        null,
        null
      ],
      "/Users/sebastianabondano/dropbox/sebastian/studies/turing/3module/18week/rales_engine/config/boot.rb": [
        1,
        null,
        1
      ],
      "/Users/sebastianabondano/dropbox/sebastian/studies/turing/3module/18week/rales_engine/config/environments/test.rb": [
        1,
        null,
        null,
        null,
        null,
        null,
        null,
        1,
        null,
        null,
        null,
        null,
        1,
        null,
        null,
        1,
        1,
        null,
        null,
        1,
        1,
        null,
        null,
        1,
        null,
        null,
        1,
        null,
        null,
        null,
        null,
        1,
        null,
        null,
        1,
        null,
        null,
        1,
        null,
        null,
        null,
        null
      ],
      "/Users/sebastianabondano/dropbox/sebastian/studies/turing/3module/18week/rales_engine/config/initializers/assets.rb": [
        null,
        null,
        null,
        1,
        null,
        null,
        null,
        null,
        null,
        null,
        null
      ],
      "/Users/sebastianabondano/dropbox/sebastian/studies/turing/3module/18week/rales_engine/config/initializers/backtrace_silencers.rb": [
        null,
        null,
        null,
        null,
        null,
        null,
        null
      ],
      "/Users/sebastianabondano/dropbox/sebastian/studies/turing/3module/18week/rales_engine/config/initializers/cookies_serializer.rb": [
        null,
        null,
        1
      ],
      "/Users/sebastianabondano/dropbox/sebastian/studies/turing/3module/18week/rales_engine/config/initializers/filter_parameter_logging.rb": [
        null,
        null,
        null,
        1
      ],
      "/Users/sebastianabondano/dropbox/sebastian/studies/turing/3module/18week/rales_engine/config/initializers/inflections.rb": [
        null,
        null,
        null,
        null,
        null,
        null,
        null,
        null,
        null,
        null,
        null,
        null,
        null,
        null,
        null,
        null
      ],
      "/Users/sebastianabondano/dropbox/sebastian/studies/turing/3module/18week/rales_engine/config/initializers/mime_types.rb": [
        null,
        null,
        null,
        null
      ],
      "/Users/sebastianabondano/dropbox/sebastian/studies/turing/3module/18week/rales_engine/config/initializers/session_store.rb": [
        null,
        null,
        1
      ],
      "/Users/sebastianabondano/dropbox/sebastian/studies/turing/3module/18week/rales_engine/config/initializers/wrap_parameters.rb": [
        null,
        null,
        null,
        null,
        null,
        null,
        1,
        1,
        null,
        null,
        null,
        null,
        null,
        null
      ],
      "/Users/sebastianabondano/dropbox/sebastian/studies/turing/3module/18week/rales_engine/config/routes.rb": [
        1,
        1,
        1,
        1,
        1,
        1,
        1,
        1,
        1,
        null,
        1,
        1,
        1,
        1,
        1,
        1,
        null,
        null,
        null,
        null
      ],
      "/Users/sebastianabondano/dropbox/sebastian/studies/turing/3module/18week/rales_engine/app/helpers/application_helper.rb": [
        1,
        null
      ],
      "/Users/sebastianabondano/dropbox/sebastian/studies/turing/3module/18week/rales_engine/app/controllers/api/v1/customers_controller.rb": [
        1,
        1,
        null,
        1,
        3,
        null,
        null,
        1,
        4,
        null,
        4,
        1,
        null,
        3,
        null,
        null,
        null,
        null
      ],
      "/Users/sebastianabondano/dropbox/sebastian/studies/turing/3module/18week/rales_engine/app/controllers/application_controller.rb": [
        1,
        null,
        null,
        1,
        null
      ],
      "/Users/sebastianabondano/dropbox/sebastian/studies/turing/3module/18week/rales_engine/spec/controllers/api/v1/invoice_items_controller_spec.rb": [
        1,
        null,
        1,
        1,
        1,
        1,
        null,
        1,
        1,
        null,
        null,
        1,
        null,
        null,
        null,
        null,
        1,
        null,
        null,
        null,
        null,
        null,
        1,
        null,
        1,
        1,
        null,
        null,
        1,
        1,
        null,
        1,
        1,
        null,
        null,
        1,
        null,
        null,
        null,
        null,
        1,
        null,
        null,
        null,
        null,
        1,
        1,
        null,
        1,
        1,
        1,
        1,
        1,
        1,
        1,
        1,
        null,
        null,
        null,
        1,
        1,
        null,
        1,
        null,
        null,
        null,
        1,
        1,
        1,
        null,
        1,
        1,
        null,
        null,
        1,
        null,
        null,
        null,
        1,
        null,
        null,
        null,
        null,
        1,
        null,
        1,
        1,
        null,
        null,
        1,
        1,
        null,
        1,
        1,
        null,
        null,
        1,
        null,
        null,
        null,
        1,
        null,
        null,
        null,
        null,
        1,
        1,
        null,
        1,
        1,
        1,
        1,
        1,
        1,
        1,
        1,
        null,
        null,
        null
      ],
      "/Users/sebastianabondano/dropbox/sebastian/studies/turing/3module/18week/rales_engine/app/controllers/api/v1/invoice_items_controller.rb": [
        1,
        1,
        null,
        1,
        3,
        null,
        null,
        1,
        2,
        null,
        2,
        null,
        null
      ],
      "/Users/sebastianabondano/dropbox/sebastian/studies/turing/3module/18week/rales_engine/spec/controllers/api/v1/invoices_controller_spec.rb": [
        1,
        null,
        1,
        1,
        1,
        1,
        null,
        1,
        1,
        null,
        null,
        null,
        1,
        null,
        1,
        1,
        null,
        null,
        1,
        1,
        null,
        1,
        1,
        null,
        null,
        null,
        1,
        1,
        null,
        1,
        1,
        1,
        1,
        1,
        1,
        1,
        null,
        null,
        null,
        1,
        1,
        null,
        1,
        null,
        null,
        null,
        1,
        1,
        1,
        null,
        1,
        1,
        null,
        null,
        null,
        1,
        null,
        1,
        1,
        null,
        null,
        null,
        1,
        1,
        null,
        1,
        1,
        null,
        null,
        null,
        1,
        1,
        null,
        1,
        1,
        1,
        1,
        1,
        1,
        1,
        null,
        null,
        null,
        null
      ],
      "/Users/sebastianabondano/dropbox/sebastian/studies/turing/3module/18week/rales_engine/app/controllers/api/v1/invoices_controller.rb": [
        1,
        1,
        null,
        1,
        3,
        null,
        null,
        1,
        2,
        null,
        2,
        1,
        null,
        1,
        null,
        null,
        null,
        null
      ],
      "/Users/sebastianabondano/dropbox/sebastian/studies/turing/3module/18week/rales_engine/spec/controllers/api/v1/items_controller_spec.rb": [
        1,
        null,
        1,
        1,
        1,
        1,
        1,
        null,
        null,
        null,
        null,
        1,
        null,
        1,
        1,
        null,
        null,
        1,
        1,
        1,
        null,
        null,
        null,
        null,
        1,
        1,
        null,
        1,
        1,
        1,
        1,
        1,
        1,
        1,
        null,
        null,
        null,
        1,
        1,
        null,
        1,
        null,
        null,
        null,
        1,
        1,
        1,
        1,
        null,
        null,
        null,
        null,
        1,
        null,
        1,
        1,
        null,
        null,
        1,
        1,
        1,
        null,
        null,
        null,
        null,
        1,
        1,
        null,
        1,
        1,
        1,
        1,
        1,
        1,
        1,
        null,
        null,
        1,
        1,
        1,
        null,
        null,
        null,
        null,
        1,
        1,
        null,
        1,
        1,
        1,
        1,
        1,
        1,
        1,
        null,
        null,
        null
      ],
      "/Users/sebastianabondano/dropbox/sebastian/studies/turing/3module/18week/rales_engine/app/controllers/api/v1/items_controller.rb": [
        1,
        1,
        null,
        1,
        3,
        null,
        null,
        1,
        3,
        null,
        3,
        1,
        null,
        2,
        null,
        null,
        null,
        null
      ],
      "/Users/sebastianabondano/dropbox/sebastian/studies/turing/3module/18week/rales_engine/spec/controllers/api/v1/merchants_controller_spec.rb": [
        1,
        null,
        1,
        1,
        1,
        1,
        null,
        1,
        null,
        1,
        1,
        null,
        null,
        1,
        1,
        null,
        1,
        1,
        null,
        1,
        1,
        1,
        1,
        1,
        null,
        null,
        1,
        1,
        null,
        1,
        null,
        null,
        null,
        1,
        1,
        1,
        null,
        1,
        null,
        1,
        1,
        null,
        null,
        1,
        1,
        null,
        1,
        1,
        null,
        1,
        1,
        null,
        null,
        1,
        1,
        null,
        1,
        1,
        null,
        1,
        1,
        null,
        null,
        1,
        1,
        null,
        1,
        1,
        null,
        1,
        1,
        null,
        null,
        null,
        null
      ],
      "/Users/sebastianabondano/dropbox/sebastian/studies/turing/3module/18week/rales_engine/app/controllers/api/v1/merchants_controller.rb": [
        1,
        1,
        null,
        1,
        3,
        null,
        null,
        null,
        1,
        4,
        null,
        4,
        1,
        null,
        3,
        null,
        null,
        null,
        null
      ],
      "/Users/sebastianabondano/dropbox/sebastian/studies/turing/3module/18week/rales_engine/spec/controllers/api/v1/transactions_controller_spec.rb": [
        1,
        null,
        1,
        1,
        1,
        1,
        null,
        1,
        1,
        null,
        null,
        1,
        null,
        null,
        null,
        null,
        1,
        null,
        1,
        1,
        null,
        null,
        1,
        1,
        null,
        1,
        1,
        null,
        null,
        1,
        null,
        null,
        null,
        1,
        1,
        null,
        1,
        1,
        1,
        1,
        1,
        1,
        1,
        null,
        null,
        null,
        1,
        1,
        null,
        1,
        null,
        null,
        null,
        null,
        1,
        1,
        1,
        null,
        1,
        1,
        null,
        null,
        1,
        null,
        null,
        null,
        1,
        null,
        1,
        1,
        null,
        null,
        1,
        1,
        null,
        1,
        1,
        null,
        null,
        1,
        null,
        null,
        null,
        1,
        1,
        null,
        1,
        1,
        1,
        1,
        1,
        1,
        1,
        null,
        null,
        1,
        1,
        null,
        1,
        1,
        null,
        null,
        1,
        null,
        null,
        null,
        1,
        1,
        null,
        1,
        1,
        1,
        1,
        1,
        1,
        1,
        null,
        null,
        null
      ],
      "/Users/sebastianabondano/dropbox/sebastian/studies/turing/3module/18week/rales_engine/app/controllers/api/v1/transactions_controller.rb": [
        1,
        1,
        null,
        1,
        3,
        null,
        null,
        1,
        3,
        null,
        3,
        2,
        null,
        1,
        null,
        null,
        null,
        null
      ],
      "/Users/sebastianabondano/dropbox/sebastian/studies/turing/3module/18week/rales_engine/app/models/customer.rb": [
        1,
        null
      ],
      "/Users/sebastianabondano/dropbox/sebastian/studies/turing/3module/18week/rales_engine/app/models/merchant.rb": [
        1,
        null
      ],
      "/Users/sebastianabondano/dropbox/sebastian/studies/turing/3module/18week/rales_engine/app/models/invoice.rb": [
        1,
        1,
        1,
        null
      ],
      "/Users/sebastianabondano/dropbox/sebastian/studies/turing/3module/18week/rales_engine/app/models/item.rb": [
        1,
        1,
        null
      ],
      "/Users/sebastianabondano/dropbox/sebastian/studies/turing/3module/18week/rales_engine/app/models/invoice_item.rb": [
        1,
        1,
        1,
        null
      ],
      "/Users/sebastianabondano/dropbox/sebastian/studies/turing/3module/18week/rales_engine/app/models/transaction.rb": [
        1,
        1,
        null
      ]
    },
    "timestamp": 1442298017
  }
}
